CRITICAL - 2022-06-25 01:36:11 --> Undefined array key 0
in APPPATH\Views\view.php on line 14.
 1 APPPATH\Views\view.php(14): CodeIgniter\Debug\Exceptions->errorHandler(2, 'Undefined array key 0', 'APPPATH\\Views\\view.php', 14)
 2 SYSTEMPATH\View\View.php(213): include('APPPATH\\Views\\view.php')
 3 SYSTEMPATH\View\View.php(216): CodeIgniter\View\View->CodeIgniter\View\{closure}()
 4 SYSTEMPATH\Common.php(1135): CodeIgniter\View\View->render('view', [], true)
 5 APPPATH\Controllers\crud.php(28): view('view', [...])
 6 SYSTEMPATH\CodeIgniter.php(896): App\Controllers\crud->view()
 7 SYSTEMPATH\CodeIgniter.php(466): CodeIgniter\CodeIgniter->runController(Object(App\Controllers\crud))
 8 SYSTEMPATH\CodeIgniter.php(349): CodeIgniter\CodeIgniter->handleRequest(null, Object(Config\Cache), false)
 9 FCPATH\index.php(55): CodeIgniter\CodeIgniter->run()
10 SYSTEMPATH\Commands\Server\rewrite.php(43): require_once('FCPATH\\index.php')
CRITICAL - 2022-06-25 01:36:20 --> Undefined array key 0
in APPPATH\Views\view.php on line 14.
 1 APPPATH\Views\view.php(14): CodeIgniter\Debug\Exceptions->errorHandler(2, 'Undefined array key 0', 'APPPATH\\Views\\view.php', 14)
 2 SYSTEMPATH\View\View.php(213): include('APPPATH\\Views\\view.php')
 3 SYSTEMPATH\View\View.php(216): CodeIgniter\View\View->CodeIgniter\View\{closure}()
 4 SYSTEMPATH\Common.php(1135): CodeIgniter\View\View->render('view', [], true)
 5 APPPATH\Controllers\crud.php(28): view('view', [...])
 6 SYSTEMPATH\CodeIgniter.php(896): App\Controllers\crud->view()
 7 SYSTEMPATH\CodeIgniter.php(466): CodeIgniter\CodeIgniter->runController(Object(App\Controllers\crud))
 8 SYSTEMPATH\CodeIgniter.php(349): CodeIgniter\CodeIgniter->handleRequest(null, Object(Config\Cache), false)
 9 FCPATH\index.php(55): CodeIgniter\CodeIgniter->run()
10 SYSTEMPATH\Commands\Server\rewrite.php(43): require_once('FCPATH\\index.php')
CRITICAL - 2022-06-25 01:36:32 --> Undefined array key 0
in APPPATH\Views\view.php on line 14.
 1 APPPATH\Views\view.php(14): CodeIgniter\Debug\Exceptions->errorHandler(2, 'Undefined array key 0', 'APPPATH\\Views\\view.php', 14)
 2 SYSTEMPATH\View\View.php(213): include('APPPATH\\Views\\view.php')
 3 SYSTEMPATH\View\View.php(216): CodeIgniter\View\View->CodeIgniter\View\{closure}()
 4 SYSTEMPATH\Common.php(1135): CodeIgniter\View\View->render('view', [], true)
 5 APPPATH\Controllers\crud.php(28): view('view', [...])
 6 SYSTEMPATH\CodeIgniter.php(896): App\Controllers\crud->view()
 7 SYSTEMPATH\CodeIgniter.php(466): CodeIgniter\CodeIgniter->runController(Object(App\Controllers\crud))
 8 SYSTEMPATH\CodeIgniter.php(349): CodeIgniter\CodeIgniter->handleRequest(null, Object(Config\Cache), false)
 9 FCPATH\index.php(55): CodeIgniter\CodeIgniter->run()
10 SYSTEMPATH\Commands\Server\rewrite.php(43): require_once('FCPATH\\index.php')
CRITICAL - 2022-06-25 01:37:18 --> Undefined array key 0
in APPPATH\Views\view.php on line 14.
 1 APPPATH\Views\view.php(14): CodeIgniter\Debug\Exceptions->errorHandler(2, 'Undefined array key 0', 'APPPATH\\Views\\view.php', 14)
 2 SYSTEMPATH\View\View.php(213): include('APPPATH\\Views\\view.php')
 3 SYSTEMPATH\View\View.php(216): CodeIgniter\View\View->CodeIgniter\View\{closure}()
 4 SYSTEMPATH\Common.php(1135): CodeIgniter\View\View->render('view', [], true)
 5 APPPATH\Controllers\crud.php(28): view('view', [...])
 6 SYSTEMPATH\CodeIgniter.php(896): App\Controllers\crud->view()
 7 SYSTEMPATH\CodeIgniter.php(466): CodeIgniter\CodeIgniter->runController(Object(App\Controllers\crud))
 8 SYSTEMPATH\CodeIgniter.php(349): CodeIgniter\CodeIgniter->handleRequest(null, Object(Config\Cache), false)
 9 FCPATH\index.php(55): CodeIgniter\CodeIgniter->run()
10 SYSTEMPATH\Commands\Server\rewrite.php(43): require_once('FCPATH\\index.php')
CRITICAL - 2022-06-25 01:37:21 --> Undefined array key 0
in APPPATH\Views\view.php on line 14.
 1 APPPATH\Views\view.php(14): CodeIgniter\Debug\Exceptions->errorHandler(2, 'Undefined array key 0', 'APPPATH\\Views\\view.php', 14)
 2 SYSTEMPATH\View\View.php(213): include('APPPATH\\Views\\view.php')
 3 SYSTEMPATH\View\View.php(216): CodeIgniter\View\View->CodeIgniter\View\{closure}()
 4 SYSTEMPATH\Common.php(1135): CodeIgniter\View\View->render('view', [], true)
 5 APPPATH\Controllers\crud.php(28): view('view', [...])
 6 SYSTEMPATH\CodeIgniter.php(896): App\Controllers\crud->view()
 7 SYSTEMPATH\CodeIgniter.php(466): CodeIgniter\CodeIgniter->runController(Object(App\Controllers\crud))
 8 SYSTEMPATH\CodeIgniter.php(349): CodeIgniter\CodeIgniter->handleRequest(null, Object(Config\Cache), false)
 9 FCPATH\index.php(55): CodeIgniter\CodeIgniter->run()
10 SYSTEMPATH\Commands\Server\rewrite.php(43): require_once('FCPATH\\index.php')
CRITICAL - 2022-06-25 01:38:11 --> Undefined array key 0
in APPPATH\Views\view.php on line 14.
 1 APPPATH\Views\view.php(14): CodeIgniter\Debug\Exceptions->errorHandler(2, 'Undefined array key 0', 'APPPATH\\Views\\view.php', 14)
 2 SYSTEMPATH\View\View.php(213): include('APPPATH\\Views\\view.php')
 3 SYSTEMPATH\View\View.php(216): CodeIgniter\View\View->CodeIgniter\View\{closure}()
 4 SYSTEMPATH\Common.php(1135): CodeIgniter\View\View->render('view', [], true)
 5 APPPATH\Controllers\crud.php(28): view('view', [...])
 6 SYSTEMPATH\CodeIgniter.php(896): App\Controllers\crud->view()
 7 SYSTEMPATH\CodeIgniter.php(466): CodeIgniter\CodeIgniter->runController(Object(App\Controllers\crud))
 8 SYSTEMPATH\CodeIgniter.php(349): CodeIgniter\CodeIgniter->handleRequest(null, Object(Config\Cache), false)
 9 FCPATH\index.php(55): CodeIgniter\CodeIgniter->run()
10 SYSTEMPATH\Commands\Server\rewrite.php(43): require_once('FCPATH\\index.php')
CRITICAL - 2022-06-25 01:41:18 --> Undefined variable $st
in APPPATH\Views\view.php on line 10.
 1 APPPATH\Views\view.php(10): CodeIgniter\Debug\Exceptions->errorHandler(2, 'Undefined variable $st', 'APPPATH\\Views\\view.php', 10)
 2 SYSTEMPATH\View\View.php(213): include('APPPATH\\Views\\view.php')
 3 SYSTEMPATH\View\View.php(216): CodeIgniter\View\View->CodeIgniter\View\{closure}()
 4 SYSTEMPATH\Common.php(1135): CodeIgniter\View\View->render('view', [], true)
 5 APPPATH\Controllers\crud.php(30): view('view', [...])
 6 SYSTEMPATH\CodeIgniter.php(896): App\Controllers\crud->view()
 7 SYSTEMPATH\CodeIgniter.php(466): CodeIgniter\CodeIgniter->runController(Object(App\Controllers\crud))
 8 SYSTEMPATH\CodeIgniter.php(349): CodeIgniter\CodeIgniter->handleRequest(null, Object(Config\Cache), false)
 9 FCPATH\index.php(55): CodeIgniter\CodeIgniter->run()
10 SYSTEMPATH\Commands\Server\rewrite.php(43): require_once('FCPATH\\index.php')
CRITICAL - 2022-06-25 01:41:26 --> Undefined variable $st
in APPPATH\Views\view.php on line 10.
 1 APPPATH\Views\view.php(10): CodeIgniter\Debug\Exceptions->errorHandler(2, 'Undefined variable $st', 'APPPATH\\Views\\view.php', 10)
 2 SYSTEMPATH\View\View.php(213): include('APPPATH\\Views\\view.php')
 3 SYSTEMPATH\View\View.php(216): CodeIgniter\View\View->CodeIgniter\View\{closure}()
 4 SYSTEMPATH\Common.php(1135): CodeIgniter\View\View->render('view', [], true)
 5 APPPATH\Controllers\crud.php(30): view('view', [...])
 6 SYSTEMPATH\CodeIgniter.php(896): App\Controllers\crud->view()
 7 SYSTEMPATH\CodeIgniter.php(466): CodeIgniter\CodeIgniter->runController(Object(App\Controllers\crud))
 8 SYSTEMPATH\CodeIgniter.php(349): CodeIgniter\CodeIgniter->handleRequest(null, Object(Config\Cache), false)
 9 FCPATH\index.php(55): CodeIgniter\CodeIgniter->run()
10 SYSTEMPATH\Commands\Server\rewrite.php(43): require_once('FCPATH\\index.php')
CRITICAL - 2022-06-25 01:41:48 --> Undefined variable $st
in APPPATH\Views\view.php on line 10.
 1 APPPATH\Views\view.php(10): CodeIgniter\Debug\Exceptions->errorHandler(2, 'Undefined variable $st', 'APPPATH\\Views\\view.php', 10)
 2 SYSTEMPATH\View\View.php(213): include('APPPATH\\Views\\view.php')
 3 SYSTEMPATH\View\View.php(216): CodeIgniter\View\View->CodeIgniter\View\{closure}()
 4 SYSTEMPATH\Common.php(1135): CodeIgniter\View\View->render('view', [], true)
 5 APPPATH\Controllers\crud.php(30): view('view', [...])
 6 SYSTEMPATH\CodeIgniter.php(896): App\Controllers\crud->view()
 7 SYSTEMPATH\CodeIgniter.php(466): CodeIgniter\CodeIgniter->runController(Object(App\Controllers\crud))
 8 SYSTEMPATH\CodeIgniter.php(349): CodeIgniter\CodeIgniter->handleRequest(null, Object(Config\Cache), false)
 9 FCPATH\index.php(55): CodeIgniter\CodeIgniter->run()
10 SYSTEMPATH\Commands\Server\rewrite.php(43): require_once('FCPATH\\index.php')
CRITICAL - 2022-06-25 01:41:59 --> Undefined variable $st
in APPPATH\Views\view.php on line 10.
 1 APPPATH\Views\view.php(10): CodeIgniter\Debug\Exceptions->errorHandler(2, 'Undefined variable $st', 'APPPATH\\Views\\view.php', 10)
 2 SYSTEMPATH\View\View.php(213): include('APPPATH\\Views\\view.php')
 3 SYSTEMPATH\View\View.php(216): CodeIgniter\View\View->CodeIgniter\View\{closure}()
 4 SYSTEMPATH\Common.php(1135): CodeIgniter\View\View->render('view', [], true)
 5 APPPATH\Controllers\crud.php(30): view('view', [...])
 6 SYSTEMPATH\CodeIgniter.php(896): App\Controllers\crud->view()
 7 SYSTEMPATH\CodeIgniter.php(466): CodeIgniter\CodeIgniter->runController(Object(App\Controllers\crud))
 8 SYSTEMPATH\CodeIgniter.php(349): CodeIgniter\CodeIgniter->handleRequest(null, Object(Config\Cache), false)
 9 FCPATH\index.php(55): CodeIgniter\CodeIgniter->run()
10 SYSTEMPATH\Commands\Server\rewrite.php(43): require_once('FCPATH\\index.php')
CRITICAL - 2022-06-25 05:43:12 --> Trying to access array offset on value of type null
in APPPATH\Views\view.php on line 14.
 1 APPPATH\Views\view.php(14): CodeIgniter\Debug\Exceptions->errorHandler(2, 'Trying to access array offset on value of type null', 'APPPATH\\Views\\view.php', 14)
 2 SYSTEMPATH\View\View.php(213): include('APPPATH\\Views\\view.php')
 3 SYSTEMPATH\View\View.php(216): CodeIgniter\View\View->CodeIgniter\View\{closure}()
 4 SYSTEMPATH\Common.php(1135): CodeIgniter\View\View->render('view', [], true)
 5 APPPATH\Controllers\crud.php(30): view('view', [...])
 6 SYSTEMPATH\CodeIgniter.php(896): App\Controllers\crud->view()
 7 SYSTEMPATH\CodeIgniter.php(466): CodeIgniter\CodeIgniter->runController(Object(App\Controllers\crud))
 8 SYSTEMPATH\CodeIgniter.php(349): CodeIgniter\CodeIgniter->handleRequest(null, Object(Config\Cache), false)
 9 FCPATH\index.php(55): CodeIgniter\CodeIgniter->run()
10 SYSTEMPATH\Commands\Server\rewrite.php(43): require_once('FCPATH\\index.php')
CRITICAL - 2022-06-25 05:43:26 --> Trying to access array offset on value of type null
in APPPATH\Views\view.php on line 14.
 1 APPPATH\Views\view.php(14): CodeIgniter\Debug\Exceptions->errorHandler(2, 'Trying to access array offset on value of type null', 'APPPATH\\Views\\view.php', 14)
 2 SYSTEMPATH\View\View.php(213): include('APPPATH\\Views\\view.php')
 3 SYSTEMPATH\View\View.php(216): CodeIgniter\View\View->CodeIgniter\View\{closure}()
 4 SYSTEMPATH\Common.php(1135): CodeIgniter\View\View->render('view', [], true)
 5 APPPATH\Controllers\crud.php(30): view('view', [...])
 6 SYSTEMPATH\CodeIgniter.php(896): App\Controllers\crud->view()
 7 SYSTEMPATH\CodeIgniter.php(466): CodeIgniter\CodeIgniter->runController(Object(App\Controllers\crud))
 8 SYSTEMPATH\CodeIgniter.php(349): CodeIgniter\CodeIgniter->handleRequest(null, Object(Config\Cache), false)
 9 FCPATH\index.php(55): CodeIgniter\CodeIgniter->run()
10 SYSTEMPATH\Commands\Server\rewrite.php(43): require_once('FCPATH\\index.php')
CRITICAL - 2022-06-25 05:48:26 --> Undefined variable $users
in APPPATH\Views\view.php on line 10.
 1 APPPATH\Views\view.php(10): CodeIgniter\Debug\Exceptions->errorHandler(2, 'Undefined variable $users', 'APPPATH\\Views\\view.php', 10)
 2 SYSTEMPATH\View\View.php(213): include('APPPATH\\Views\\view.php')
 3 SYSTEMPATH\View\View.php(216): CodeIgniter\View\View->CodeIgniter\View\{closure}()
 4 SYSTEMPATH\Common.php(1135): CodeIgniter\View\View->render('view', [], true)
 5 APPPATH\Controllers\crud.php(29): view('view', [...])
 6 SYSTEMPATH\CodeIgniter.php(896): App\Controllers\crud->view()
 7 SYSTEMPATH\CodeIgniter.php(466): CodeIgniter\CodeIgniter->runController(Object(App\Controllers\crud))
 8 SYSTEMPATH\CodeIgniter.php(349): CodeIgniter\CodeIgniter->handleRequest(null, Object(Config\Cache), false)
 9 FCPATH\index.php(55): CodeIgniter\CodeIgniter->run()
10 SYSTEMPATH\Commands\Server\rewrite.php(43): require_once('FCPATH\\index.php')
CRITICAL - 2022-06-25 05:48:55 --> Undefined array key 0
in APPPATH\Views\view.php on line 14.
 1 APPPATH\Views\view.php(14): CodeIgniter\Debug\Exceptions->errorHandler(2, 'Undefined array key 0', 'APPPATH\\Views\\view.php', 14)
 2 SYSTEMPATH\View\View.php(213): include('APPPATH\\Views\\view.php')
 3 SYSTEMPATH\View\View.php(216): CodeIgniter\View\View->CodeIgniter\View\{closure}()
 4 SYSTEMPATH\Common.php(1135): CodeIgniter\View\View->render('view', [], true)
 5 APPPATH\Controllers\crud.php(29): view('view', [...])
 6 SYSTEMPATH\CodeIgniter.php(896): App\Controllers\crud->view()
 7 SYSTEMPATH\CodeIgniter.php(466): CodeIgniter\CodeIgniter->runController(Object(App\Controllers\crud))
 8 SYSTEMPATH\CodeIgniter.php(349): CodeIgniter\CodeIgniter->handleRequest(null, Object(Config\Cache), false)
 9 FCPATH\index.php(55): CodeIgniter\CodeIgniter->run()
10 SYSTEMPATH\Commands\Server\rewrite.php(43): require_once('FCPATH\\index.php')
ERROR - 2022-06-25 06:01:04 --> Error connecting to the database: No connection could be made because the target machine actively refused it
CRITICAL - 2022-06-25 06:01:04 --> Unable to connect to the database.
Main connection [MySQLi]: No connection could be made because the target machine actively refused it
in SYSTEMPATH\Database\BaseConnection.php on line 416.
 1 SYSTEMPATH\Database\BaseConnection.php(586): CodeIgniter\Database\BaseConnection->initialize()
 2 SYSTEMPATH\Database\BaseBuilder.php(1904): CodeIgniter\Database\BaseConnection->query('INSERT INTO `emp` (`name`, `age`) VALUES (:name:, :age:)', [...], false)
 3 SYSTEMPATH\Model.php(278): CodeIgniter\Database\BaseBuilder->insert()
 4 SYSTEMPATH\BaseModel.php(738): CodeIgniter\Model->doInsert([...])
 5 SYSTEMPATH\Model.php(666): CodeIgniter\BaseModel->insert([...], true)
 6 APPPATH\Controllers\crud.php(22): CodeIgniter\Model->insert([...])
 7 SYSTEMPATH\CodeIgniter.php(896): App\Controllers\crud->store()
 8 SYSTEMPATH\CodeIgniter.php(466): CodeIgniter\CodeIgniter->runController(Object(App\Controllers\crud))
 9 SYSTEMPATH\CodeIgniter.php(349): CodeIgniter\CodeIgniter->handleRequest(null, Object(Config\Cache), false)
10 FCPATH\index.php(55): CodeIgniter\CodeIgniter->run()
11 SYSTEMPATH\Commands\Server\rewrite.php(43): require_once('FCPATH\\index.php')
ERROR - 2022-06-25 06:01:34 --> Error connecting to the database: No connection could be made because the target machine actively refused it
CRITICAL - 2022-06-25 06:01:34 --> Unable to connect to the database.
Main connection [MySQLi]: No connection could be made because the target machine actively refused it
in SYSTEMPATH\Database\BaseConnection.php on line 416.
 1 SYSTEMPATH\Database\BaseConnection.php(586): CodeIgniter\Database\BaseConnection->initialize()
 2 SYSTEMPATH\Database\BaseBuilder.php(1585): CodeIgniter\Database\BaseConnection->query('SELECT *
FROM `emp`', [], false)
 3 SYSTEMPATH\Model.php(222): CodeIgniter\Database\BaseBuilder->get()
 4 SYSTEMPATH\BaseModel.php(584): CodeIgniter\Model->doFindAll(0, 0)
 5 APPPATH\Controllers\crud.php(28): CodeIgniter\BaseModel->findAll()
 6 SYSTEMPATH\CodeIgniter.php(896): App\Controllers\crud->view()
 7 SYSTEMPATH\CodeIgniter.php(466): CodeIgniter\CodeIgniter->runController(Object(App\Controllers\crud))
 8 SYSTEMPATH\CodeIgniter.php(349): CodeIgniter\CodeIgniter->handleRequest(null, Object(Config\Cache), false)
 9 FCPATH\index.php(55): CodeIgniter\CodeIgniter->run()
10 SYSTEMPATH\Commands\Server\rewrite.php(43): require_once('FCPATH\\index.php')
ERROR - 2022-06-25 06:01:38 --> Error connecting to the database: No connection could be made because the target machine actively refused it
CRITICAL - 2022-06-25 06:01:38 --> Unable to connect to the database.
Main connection [MySQLi]: No connection could be made because the target machine actively refused it
in SYSTEMPATH\Database\BaseConnection.php on line 416.
 1 SYSTEMPATH\Database\BaseConnection.php(586): CodeIgniter\Database\BaseConnection->initialize()
 2 SYSTEMPATH\Database\BaseBuilder.php(1585): CodeIgniter\Database\BaseConnection->query('SELECT *
FROM `emp`', [], false)
 3 SYSTEMPATH\Model.php(222): CodeIgniter\Database\BaseBuilder->get()
 4 SYSTEMPATH\BaseModel.php(584): CodeIgniter\Model->doFindAll(0, 0)
 5 APPPATH\Controllers\crud.php(28): CodeIgniter\BaseModel->findAll()
 6 SYSTEMPATH\CodeIgniter.php(896): App\Controllers\crud->view()
 7 SYSTEMPATH\CodeIgniter.php(466): CodeIgniter\CodeIgniter->runController(Object(App\Controllers\crud))
 8 SYSTEMPATH\CodeIgniter.php(349): CodeIgniter\CodeIgniter->handleRequest(null, Object(Config\Cache), false)
 9 FCPATH\index.php(55): CodeIgniter\CodeIgniter->run()
10 SYSTEMPATH\Commands\Server\rewrite.php(43): require_once('FCPATH\\index.php')
CRITICAL - 2022-06-25 11:14:45 --> Undefined array key 0
in APPPATH\Views\view.php on line 14.
 1 APPPATH\Views\view.php(14): CodeIgniter\Debug\Exceptions->errorHandler(2, 'Undefined array key 0', 'APPPATH\\Views\\view.php', 14)
 2 SYSTEMPATH\View\View.php(213): include('APPPATH\\Views\\view.php')
 3 SYSTEMPATH\View\View.php(216): CodeIgniter\View\View->CodeIgniter\View\{closure}()
 4 SYSTEMPATH\Common.php(1135): CodeIgniter\View\View->render('view', [], true)
 5 APPPATH\Controllers\crud.php(29): view('view', [...])
 6 SYSTEMPATH\CodeIgniter.php(896): App\Controllers\crud->view()
 7 SYSTEMPATH\CodeIgniter.php(466): CodeIgniter\CodeIgniter->runController(Object(App\Controllers\crud))
 8 SYSTEMPATH\CodeIgniter.php(349): CodeIgniter\CodeIgniter->handleRequest(null, Object(Config\Cache), false)
 9 FCPATH\index.php(55): CodeIgniter\CodeIgniter->run()
10 SYSTEMPATH\Commands\Server\rewrite.php(43): require_once('FCPATH\\index.php')
CRITICAL - 2022-06-25 11:20:14 --> Array to string conversion
in APPPATH\Views\view.php on line 10.
 1 APPPATH\Views\view.php(10): CodeIgniter\Debug\Exceptions->errorHandler(2, 'Array to string conversion', 'APPPATH\\Views\\view.php', 10)
 2 SYSTEMPATH\View\View.php(213): include('APPPATH\\Views\\view.php')
 3 SYSTEMPATH\View\View.php(216): CodeIgniter\View\View->CodeIgniter\View\{closure}()
 4 SYSTEMPATH\Common.php(1135): CodeIgniter\View\View->render('view', [], true)
 5 APPPATH\Controllers\crud.php(30): view('view', [...])
 6 SYSTEMPATH\CodeIgniter.php(896): App\Controllers\crud->view()
 7 SYSTEMPATH\CodeIgniter.php(466): CodeIgniter\CodeIgniter->runController(Object(App\Controllers\crud))
 8 SYSTEMPATH\CodeIgniter.php(349): CodeIgniter\CodeIgniter->handleRequest(null, Object(Config\Cache), false)
 9 FCPATH\index.php(55): CodeIgniter\CodeIgniter->run()
10 SYSTEMPATH\Commands\Server\rewrite.php(43): require_once('FCPATH\\index.php')
