CRITICAL - 2022-08-13 05:38:58 --> Undefined array key "S.No"
in APPPATH\Views\view.php on line 13.
 1 APPPATH\Views\view.php(13): CodeIgniter\Debug\Exceptions->errorHandler(2, 'Undefined array key "S.No"', 'APPPATH\\Views\\view.php', 13)
 2 SYSTEMPATH\View\View.php(213): include('APPPATH\\Views\\view.php')
 3 SYSTEMPATH\View\View.php(216): CodeIgniter\View\View->CodeIgniter\View\{closure}()
 4 SYSTEMPATH\Common.php(1135): CodeIgniter\View\View->render('view', [], true)
 5 APPPATH\Controllers\crud.php(30): view('view', [...])
 6 SYSTEMPATH\CodeIgniter.php(896): App\Controllers\crud->view()
 7 SYSTEMPATH\CodeIgniter.php(466): CodeIgniter\CodeIgniter->runController(Object(App\Controllers\crud))
 8 SYSTEMPATH\CodeIgniter.php(349): CodeIgniter\CodeIgniter->handleRequest(null, Object(Config\Cache), false)
 9 FCPATH\index.php(55): CodeIgniter\CodeIgniter->run()
10 SYSTEMPATH\Commands\Server\rewrite.php(43): require_once('FCPATH\\index.php')
CRITICAL - 2022-08-13 05:39:25 --> Undefined array key "S.No"
in APPPATH\Views\view.php on line 13.
 1 APPPATH\Views\view.php(13): CodeIgniter\Debug\Exceptions->errorHandler(2, 'Undefined array key "S.No"', 'APPPATH\\Views\\view.php', 13)
 2 SYSTEMPATH\View\View.php(213): include('APPPATH\\Views\\view.php')
 3 SYSTEMPATH\View\View.php(216): CodeIgniter\View\View->CodeIgniter\View\{closure}()
 4 SYSTEMPATH\Common.php(1135): CodeIgniter\View\View->render('view', [], true)
 5 APPPATH\Controllers\crud.php(30): view('view', [...])
 6 SYSTEMPATH\CodeIgniter.php(896): App\Controllers\crud->view()
 7 SYSTEMPATH\CodeIgniter.php(466): CodeIgniter\CodeIgniter->runController(Object(App\Controllers\crud))
 8 SYSTEMPATH\CodeIgniter.php(349): CodeIgniter\CodeIgniter->handleRequest(null, Object(Config\Cache), false)
 9 FCPATH\index.php(55): CodeIgniter\CodeIgniter->run()
10 SYSTEMPATH\Commands\Server\rewrite.php(43): require_once('FCPATH\\index.php')
CRITICAL - 2022-08-13 05:41:23 --> Undefined array key "S.No"
in APPPATH\Views\view.php on line 13.
 1 APPPATH\Views\view.php(13): CodeIgniter\Debug\Exceptions->errorHandler(2, 'Undefined array key "S.No"', 'APPPATH\\Views\\view.php', 13)
 2 SYSTEMPATH\View\View.php(213): include('APPPATH\\Views\\view.php')
 3 SYSTEMPATH\View\View.php(216): CodeIgniter\View\View->CodeIgniter\View\{closure}()
 4 SYSTEMPATH\Common.php(1135): CodeIgniter\View\View->render('view', [], true)
 5 APPPATH\Controllers\crud.php(30): view('view', [...])
 6 SYSTEMPATH\CodeIgniter.php(896): App\Controllers\crud->view()
 7 SYSTEMPATH\CodeIgniter.php(466): CodeIgniter\CodeIgniter->runController(Object(App\Controllers\crud))
 8 SYSTEMPATH\CodeIgniter.php(349): CodeIgniter\CodeIgniter->handleRequest(null, Object(Config\Cache), false)
 9 FCPATH\index.php(55): CodeIgniter\CodeIgniter->run()
10 SYSTEMPATH\Commands\Server\rewrite.php(43): require_once('FCPATH\\index.php')
CRITICAL - 2022-08-13 05:47:50 --> Undefined array key "S.No"
in APPPATH\Views\view.php on line 13.
 1 APPPATH\Views\view.php(13): CodeIgniter\Debug\Exceptions->errorHandler(2, 'Undefined array key "S.No"', 'APPPATH\\Views\\view.php', 13)
 2 SYSTEMPATH\View\View.php(213): include('APPPATH\\Views\\view.php')
 3 SYSTEMPATH\View\View.php(216): CodeIgniter\View\View->CodeIgniter\View\{closure}()
 4 SYSTEMPATH\Common.php(1135): CodeIgniter\View\View->render('view', [], true)
 5 APPPATH\Controllers\crud.php(30): view('view', [...])
 6 SYSTEMPATH\CodeIgniter.php(896): App\Controllers\crud->view()
 7 SYSTEMPATH\CodeIgniter.php(466): CodeIgniter\CodeIgniter->runController(Object(App\Controllers\crud))
 8 SYSTEMPATH\CodeIgniter.php(349): CodeIgniter\CodeIgniter->handleRequest(null, Object(Config\Cache), false)
 9 FCPATH\index.php(55): CodeIgniter\CodeIgniter->run()
10 SYSTEMPATH\Commands\Server\rewrite.php(43): require_once('FCPATH\\index.php')
CRITICAL - 2022-08-13 05:49:59 --> Undefined array key "S.No"
in APPPATH\Views\view.php on line 13.
 1 APPPATH\Views\view.php(13): CodeIgniter\Debug\Exceptions->errorHandler(2, 'Undefined array key "S.No"', 'APPPATH\\Views\\view.php', 13)
 2 SYSTEMPATH\View\View.php(213): include('APPPATH\\Views\\view.php')
 3 SYSTEMPATH\View\View.php(216): CodeIgniter\View\View->CodeIgniter\View\{closure}()
 4 SYSTEMPATH\Common.php(1135): CodeIgniter\View\View->render('view', [], true)
 5 APPPATH\Controllers\crud.php(30): view('view', [...])
 6 SYSTEMPATH\CodeIgniter.php(896): App\Controllers\crud->view()
 7 SYSTEMPATH\CodeIgniter.php(466): CodeIgniter\CodeIgniter->runController(Object(App\Controllers\crud))
 8 SYSTEMPATH\CodeIgniter.php(349): CodeIgniter\CodeIgniter->handleRequest(null, Object(Config\Cache), false)
 9 FCPATH\index.php(55): CodeIgniter\CodeIgniter->run()
10 SYSTEMPATH\Commands\Server\rewrite.php(43): require_once('FCPATH\\index.php')
